<?xml version="1.0" encoding="UTF-8"?>
<!-- Generated by org.testng.reporters.JUnitXMLReporter -->
<testsuite ignored="0" hostname="EXIPC0159" failures="0" tests="3" name="Print Functionality" time="0.061" errors="0" timestamp="2023-05-30T15:45:39 IST">
  <testcase classname="com.exsq.Print" name="@BeforeClass setup" time="0.001">
    <failure type="java.lang.NullPointerException" message="Cannot invoke &amp;quot;org.openqa.selenium.WebDriver.manage()&amp;quot; because &amp;quot;com.exsq.isp_plugin.base.TestBase.driver&amp;quot; is null">
      <![CDATA[java.lang.NullPointerException: Cannot invoke "org.openqa.selenium.WebDriver.manage()" because "com.exsq.isp_plugin.base.TestBase.driver" is null
at com.exsq.isp_plugin.base.TestBase.LaunchBrowser(TestBase.java:151)
at com.exsq.Print.setup(Print.java:16)
at java.base/java.util.ArrayList.forEach(ArrayList.java:1511)
... Removed 25 stack frames]]>
    </failure>
  </testcase> <!-- @BeforeClass setup -->
  <testcase classname="com.exsq.isp_plugin.base.TestBase" name="@BeforeMethod TestReport" time="-1.685441739185E9">
    <skipped/>
  </testcase> <!-- @BeforeMethod TestReport -->
  <testcase classname="com.exsq.isp_plugin.base.TestBase" name="@AfterMethod checkStatus" time="-1.685441739189E9">
    <skipped/>
  </testcase> <!-- @AfterMethod checkStatus -->
  <testcase classname="com.exsq.isp_plugin.base.TestBase" name="@BeforeMethod TestReport" time="-1.685441739192E9">
    <skipped/>
  </testcase> <!-- @BeforeMethod TestReport -->
  <testcase classname="com.exsq.isp_plugin.base.TestBase" name="@AfterMethod checkStatus" time="-1.685441739196E9">
    <skipped/>
  </testcase> <!-- @AfterMethod checkStatus -->
  <testcase classname="com.exsq.isp_plugin.base.TestBase" name="@BeforeMethod TestReport" time="-1.685441739197E9">
    <skipped/>
  </testcase> <!-- @BeforeMethod TestReport -->
  <testcase classname="com.exsq.isp_plugin.base.TestBase" name="@AfterMethod checkStatus" time="-1.685441739201E9">
    <skipped/>
  </testcase> <!-- @AfterMethod checkStatus -->
  <testcase classname="com.exsq.Print" name="@AfterClass CloseBrowser" time="-1.685441739203E9">
    <skipped/>
  </testcase> <!-- @AfterClass CloseBrowser -->
  <testcase classname="com.exsq.Print" name="Print_Btn_Visiblity" time="0.0">
    <skipped/>
  </testcase> <!-- Print_Btn_Visiblity -->
  <testcase classname="com.exsq.Print" name="Print_ModalWindow_Visibility" time="0.0">
    <skipped/>
  </testcase> <!-- Print_ModalWindow_Visibility -->
  <testcase classname="com.exsq.Print" name="Close_Print_ModalWindow" time="0.0">
    <skipped/>
  </testcase> <!-- Close_Print_ModalWindow -->
</testsuite> <!-- Print Functionality -->
