<html>
<head>
<title>TestNG:  Print Functionality</title>
<link href="../testng.css" rel="stylesheet" type="text/css" />
<link href="../my-testng.css" rel="stylesheet" type="text/css" />

<style type="text/css">
.log { display: none;} 
.stack-trace { display: none;} 
</style>
<script type="text/javascript">
<!--
function flip(e) {
  current = e.style.display;
  if (current == 'block') {
    e.style.display = 'none';
    return 0;
  }
  else {
    e.style.display = 'block';
    return 1;
  }
}

function toggleBox(szDivId, elem, msg1, msg2)
{
  var res = -1;  if (document.getElementById) {
    res = flip(document.getElementById(szDivId));
  }
  else if (document.all) {
    // this is the way old msie versions work
    res = flip(document.all[szDivId]);
  }
  if(elem) {
    if(res == 0) elem.innerHTML = msg1; else elem.innerHTML = msg2;
  }

}

function toggleAllBoxes() {
  if (document.getElementsByTagName) {
    d = document.getElementsByTagName('div');
    for (i = 0; i < d.length; i++) {
      if (d[i].className == 'log') {
        flip(d[i]);
      }
    }
  }
}

// -->
</script>

</head>
<body>
<h2 align='center'>Print Functionality</h2><table border='1' align="center">
<tr>
<td>Tests passed/Failed/Skipped:</td><td>0/0/5</td>
</tr><tr>
<td>Started on:</td><td>Wed May 31 10:09:14 IST 2023</td>
</tr>
<tr><td>Total time:</td><td>0 seconds (53 ms)</td>
</tr><tr>
<td>Included groups:</td><td></td>
</tr><tr>
<td>Excluded groups:</td><td></td>
</tr>
</table><p/>
<small><i>(Hover the method name to see the test class name)</i></small><p/>
<table width='100%' border='1' class='invocation-failed'>
<tr><td colspan='4' align='center'><b>FAILED CONFIGURATIONS</b></td></tr>
<tr><td><b>Test method</b></td>
<td width="30%"><b>Exception</b></td>
<td width="10%"><b>Time (seconds)</b></td>
<td><b>Instance</b></td>
</tr>
<tr>
<td title='com.exsq.Print.initialiseExtentReports()'><b>initialiseExtentReports</b><br>Test class: com.exsq.Print</td>
<td><div><pre>java.lang.NullPointerException: Cannot invoke &quot;org.openqa.selenium.remote.RemoteWebDriver.getCapabilities()&quot; because &quot;com.exsq.isp_plugin.base.TestBase.driver&quot; is null
	at com.exsq.isp_plugin.base.TestBase.initialiseExtentReports(TestBase.java:114)
... Removed 19 stack frames</pre></div><a href='#' onClick='toggleBox("stack-trace216856121", this, "Click to show all stack frames", "Click to hide stack frames")'>Click to show all stack frames</a>
<div class='stack-trace' id='stack-trace216856121'><pre>java.lang.NullPointerException: Cannot invoke &quot;org.openqa.selenium.remote.RemoteWebDriver.getCapabilities()&quot; because &quot;com.exsq.isp_plugin.base.TestBase.driver&quot; is null
	at com.exsq.isp_plugin.base.TestBase.initialiseExtentReports(TestBase.java:114)
	at java.base/jdk.internal.reflect.NativeMethodAccessorImpl.invoke0(Native Method)
	at java.base/jdk.internal.reflect.NativeMethodAccessorImpl.invoke(NativeMethodAccessorImpl.java:78)
	at java.base/jdk.internal.reflect.DelegatingMethodAccessorImpl.invoke(DelegatingMethodAccessorImpl.java:43)
	at java.base/java.lang.reflect.Method.invoke(Method.java:567)
	at org.testng.internal.MethodInvocationHelper.invokeMethod(MethodInvocationHelper.java:133)
	at org.testng.internal.MethodInvocationHelper.invokeMethodConsideringTimeout(MethodInvocationHelper.java:62)
	at org.testng.internal.ConfigInvoker.invokeConfigurationMethod(ConfigInvoker.java:385)
	at org.testng.internal.ConfigInvoker.invokeConfigurations(ConfigInvoker.java:321)
	at org.testng.SuiteRunner.privateRun(SuiteRunner.java:317)
	at org.testng.SuiteRunner.run(SuiteRunner.java:276)
	at org.testng.SuiteRunnerWorker.runSuite(SuiteRunnerWorker.java:53)
	at org.testng.SuiteRunnerWorker.run(SuiteRunnerWorker.java:96)
	at org.testng.TestNG.runSuitesSequentially(TestNG.java:1212)
	at org.testng.TestNG.runSuitesLocally(TestNG.java:1134)
	at org.testng.TestNG.runSuites(TestNG.java:1063)
	at org.testng.TestNG.run(TestNG.java:1031)
	at org.testng.remote.AbstractRemoteTestNG.run(AbstractRemoteTestNG.java:115)
	at org.testng.remote.RemoteTestNG.initAndRun(RemoteTestNG.java:251)
	at org.testng.remote.RemoteTestNG.main(RemoteTestNG.java:77)
</pre></div></td>
<td>1</td>
<td>com.exsq.Print@41a0aa7d</td></tr>
</table><p>
<table width='100%' border='1' class='invocation-skipped'>
<tr><td colspan='4' align='center'><b>SKIPPED CONFIGURATIONS</b></td></tr>
<tr><td><b>Test method</b></td>
<td width="30%"><b>Exception</b></td>
<td width="10%"><b>Time (seconds)</b></td>
<td><b>Instance</b></td>
</tr>
<tr>
<td title='com.exsq.Community_Name_Visibility.CloseBrowser()'><b>CloseBrowser</b><br>Test class: com.exsq.Community_Name_Visibility</td>
<td></td>
<td>-1685507954</td>
<td>com.exsq.Community_Name_Visibility@60099951</td></tr>
<tr>
<td title='com.exsq.Print.checkStatus()'><b>checkStatus</b><br>Test class: com.exsq.Print</td>
<td></td>
<td>-1685507954</td>
<td>com.exsq.Print@41a0aa7d</td></tr>
<tr>
<td title='com.exsq.Community_Name_Visibility.TestReport()'><b>TestReport</b><br>Test class: com.exsq.Community_Name_Visibility</td>
<td></td>
<td>-1685507954</td>
<td>com.exsq.Community_Name_Visibility@60099951</td></tr>
<tr>
<td title='com.exsq.Print.TestReport()'><b>TestReport</b><br>Test class: com.exsq.Print</td>
<td></td>
<td>-1685507954</td>
<td>com.exsq.Print@41a0aa7d</td></tr>
<tr>
<td title='com.exsq.Print.checkStatus()'><b>checkStatus</b><br>Test class: com.exsq.Print</td>
<td></td>
<td>-1685507954</td>
<td>com.exsq.Print@41a0aa7d</td></tr>
<tr>
<td title='com.exsq.Print.CloseBrowser()'><b>CloseBrowser</b><br>Test class: com.exsq.Print</td>
<td></td>
<td>-1685507954</td>
<td>com.exsq.Print@41a0aa7d</td></tr>
<tr>
<td title='com.exsq.Community_Name_Visibility.setup()'><b>setup</b><br>Test class: com.exsq.Community_Name_Visibility</td>
<td></td>
<td>-1685507954</td>
<td>com.exsq.Community_Name_Visibility@60099951</td></tr>
<tr>
<td title='com.exsq.Print.TestReport()'><b>TestReport</b><br>Test class: com.exsq.Print</td>
<td></td>
<td>-1685507954</td>
<td>com.exsq.Print@41a0aa7d</td></tr>
<tr>
<td title='com.exsq.Community_Name_Visibility.checkStatus()'><b>checkStatus</b><br>Test class: com.exsq.Community_Name_Visibility</td>
<td></td>
<td>-1685507954</td>
<td>com.exsq.Community_Name_Visibility@60099951</td></tr>
<tr>
<td title='com.exsq.Community_Name_Visibility.checkStatus()'><b>checkStatus</b><br>Test class: com.exsq.Community_Name_Visibility</td>
<td></td>
<td>-1685507954</td>
<td>com.exsq.Community_Name_Visibility@60099951</td></tr>
<tr>
<td title='com.exsq.Print.setup()'><b>setup</b><br>Test class: com.exsq.Print</td>
<td></td>
<td>-1685507954</td>
<td>com.exsq.Print@41a0aa7d</td></tr>
<tr>
<td title='com.exsq.Print.TestReport()'><b>TestReport</b><br>Test class: com.exsq.Print</td>
<td></td>
<td>-1685507954</td>
<td>com.exsq.Print@41a0aa7d</td></tr>
<tr>
<td title='com.exsq.Print.checkStatus()'><b>checkStatus</b><br>Test class: com.exsq.Print</td>
<td></td>
<td>-1685507954</td>
<td>com.exsq.Print@41a0aa7d</td></tr>
<tr>
<td title='com.exsq.Community_Name_Visibility.TestReport()'><b>TestReport</b><br>Test class: com.exsq.Community_Name_Visibility</td>
<td></td>
<td>-1685507954</td>
<td>com.exsq.Community_Name_Visibility@60099951</td></tr>
</table><p>
<table width='100%' border='1' class='invocation-skipped'>
<tr><td colspan='4' align='center'><b>SKIPPED TESTS</b></td></tr>
<tr><td><b>Test method</b></td>
<td width="30%"><b>Exception</b></td>
<td width="10%"><b>Time (seconds)</b></td>
<td><b>Instance</b></td>
</tr>
<tr>
<td title='com.exsq.Print.Print_ModalWindow_Visibility()'><b>Print_ModalWindow_Visibility</b><br>Test class: com.exsq.Print</td>
<td><div><pre>java.lang.NullPointerException: Cannot invoke &quot;org.openqa.selenium.remote.RemoteWebDriver.getCapabilities()&quot; because &quot;com.exsq.isp_plugin.base.TestBase.driver&quot; is null
	at com.exsq.isp_plugin.base.TestBase.initialiseExtentReports(TestBase.java:114)
... Removed 19 stack frames</pre></div><a href='#' onClick='toggleBox("stack-trace918307166", this, "Click to show all stack frames", "Click to hide stack frames")'>Click to show all stack frames</a>
<div class='stack-trace' id='stack-trace918307166'><pre>java.lang.NullPointerException: Cannot invoke &quot;org.openqa.selenium.remote.RemoteWebDriver.getCapabilities()&quot; because &quot;com.exsq.isp_plugin.base.TestBase.driver&quot; is null
	at com.exsq.isp_plugin.base.TestBase.initialiseExtentReports(TestBase.java:114)
	at java.base/jdk.internal.reflect.NativeMethodAccessorImpl.invoke0(Native Method)
	at java.base/jdk.internal.reflect.NativeMethodAccessorImpl.invoke(NativeMethodAccessorImpl.java:78)
	at java.base/jdk.internal.reflect.DelegatingMethodAccessorImpl.invoke(DelegatingMethodAccessorImpl.java:43)
	at java.base/java.lang.reflect.Method.invoke(Method.java:567)
	at org.testng.internal.MethodInvocationHelper.invokeMethod(MethodInvocationHelper.java:133)
	at org.testng.internal.MethodInvocationHelper.invokeMethodConsideringTimeout(MethodInvocationHelper.java:62)
	at org.testng.internal.ConfigInvoker.invokeConfigurationMethod(ConfigInvoker.java:385)
	at org.testng.internal.ConfigInvoker.invokeConfigurations(ConfigInvoker.java:321)
	at org.testng.SuiteRunner.privateRun(SuiteRunner.java:317)
	at org.testng.SuiteRunner.run(SuiteRunner.java:276)
	at org.testng.SuiteRunnerWorker.runSuite(SuiteRunnerWorker.java:53)
	at org.testng.SuiteRunnerWorker.run(SuiteRunnerWorker.java:96)
	at org.testng.TestNG.runSuitesSequentially(TestNG.java:1212)
	at org.testng.TestNG.runSuitesLocally(TestNG.java:1134)
	at org.testng.TestNG.runSuites(TestNG.java:1063)
	at org.testng.TestNG.run(TestNG.java:1031)
	at org.testng.remote.AbstractRemoteTestNG.run(AbstractRemoteTestNG.java:115)
	at org.testng.remote.RemoteTestNG.initAndRun(RemoteTestNG.java:251)
	at org.testng.remote.RemoteTestNG.main(RemoteTestNG.java:77)
</pre></div></td>
<td>0</td>
<td>com.exsq.Print@41a0aa7d</td></tr>
<tr>
<td title='com.exsq.Community_Name_Visibility.Community_Name_Visibility_Header()'><b>Community_Name_Visibility_Header</b><br>Test class: com.exsq.Community_Name_Visibility</td>
<td><div><pre>java.lang.NullPointerException: Cannot invoke &quot;org.openqa.selenium.remote.RemoteWebDriver.getCapabilities()&quot; because &quot;com.exsq.isp_plugin.base.TestBase.driver&quot; is null
	at com.exsq.isp_plugin.base.TestBase.initialiseExtentReports(TestBase.java:114)
... Removed 19 stack frames</pre></div><a href='#' onClick='toggleBox("stack-trace901815188", this, "Click to show all stack frames", "Click to hide stack frames")'>Click to show all stack frames</a>
<div class='stack-trace' id='stack-trace901815188'><pre>java.lang.NullPointerException: Cannot invoke &quot;org.openqa.selenium.remote.RemoteWebDriver.getCapabilities()&quot; because &quot;com.exsq.isp_plugin.base.TestBase.driver&quot; is null
	at com.exsq.isp_plugin.base.TestBase.initialiseExtentReports(TestBase.java:114)
	at java.base/jdk.internal.reflect.NativeMethodAccessorImpl.invoke0(Native Method)
	at java.base/jdk.internal.reflect.NativeMethodAccessorImpl.invoke(NativeMethodAccessorImpl.java:78)
	at java.base/jdk.internal.reflect.DelegatingMethodAccessorImpl.invoke(DelegatingMethodAccessorImpl.java:43)
	at java.base/java.lang.reflect.Method.invoke(Method.java:567)
	at org.testng.internal.MethodInvocationHelper.invokeMethod(MethodInvocationHelper.java:133)
	at org.testng.internal.MethodInvocationHelper.invokeMethodConsideringTimeout(MethodInvocationHelper.java:62)
	at org.testng.internal.ConfigInvoker.invokeConfigurationMethod(ConfigInvoker.java:385)
	at org.testng.internal.ConfigInvoker.invokeConfigurations(ConfigInvoker.java:321)
	at org.testng.SuiteRunner.privateRun(SuiteRunner.java:317)
	at org.testng.SuiteRunner.run(SuiteRunner.java:276)
	at org.testng.SuiteRunnerWorker.runSuite(SuiteRunnerWorker.java:53)
	at org.testng.SuiteRunnerWorker.run(SuiteRunnerWorker.java:96)
	at org.testng.TestNG.runSuitesSequentially(TestNG.java:1212)
	at org.testng.TestNG.runSuitesLocally(TestNG.java:1134)
	at org.testng.TestNG.runSuites(TestNG.java:1063)
	at org.testng.TestNG.run(TestNG.java:1031)
	at org.testng.remote.AbstractRemoteTestNG.run(AbstractRemoteTestNG.java:115)
	at org.testng.remote.RemoteTestNG.initAndRun(RemoteTestNG.java:251)
	at org.testng.remote.RemoteTestNG.main(RemoteTestNG.java:77)
</pre></div></td>
<td>0</td>
<td>com.exsq.Community_Name_Visibility@60099951</td></tr>
<tr>
<td title='com.exsq.Print.Close_Print_ModalWindow()'><b>Close_Print_ModalWindow</b><br>Test class: com.exsq.Print</td>
<td><div><pre>java.lang.NullPointerException: Cannot invoke &quot;org.openqa.selenium.remote.RemoteWebDriver.getCapabilities()&quot; because &quot;com.exsq.isp_plugin.base.TestBase.driver&quot; is null
	at com.exsq.isp_plugin.base.TestBase.initialiseExtentReports(TestBase.java:114)
... Removed 19 stack frames</pre></div><a href='#' onClick='toggleBox("stack-trace1785807415", this, "Click to show all stack frames", "Click to hide stack frames")'>Click to show all stack frames</a>
<div class='stack-trace' id='stack-trace1785807415'><pre>java.lang.NullPointerException: Cannot invoke &quot;org.openqa.selenium.remote.RemoteWebDriver.getCapabilities()&quot; because &quot;com.exsq.isp_plugin.base.TestBase.driver&quot; is null
	at com.exsq.isp_plugin.base.TestBase.initialiseExtentReports(TestBase.java:114)
	at java.base/jdk.internal.reflect.NativeMethodAccessorImpl.invoke0(Native Method)
	at java.base/jdk.internal.reflect.NativeMethodAccessorImpl.invoke(NativeMethodAccessorImpl.java:78)
	at java.base/jdk.internal.reflect.DelegatingMethodAccessorImpl.invoke(DelegatingMethodAccessorImpl.java:43)
	at java.base/java.lang.reflect.Method.invoke(Method.java:567)
	at org.testng.internal.MethodInvocationHelper.invokeMethod(MethodInvocationHelper.java:133)
	at org.testng.internal.MethodInvocationHelper.invokeMethodConsideringTimeout(MethodInvocationHelper.java:62)
	at org.testng.internal.ConfigInvoker.invokeConfigurationMethod(ConfigInvoker.java:385)
	at org.testng.internal.ConfigInvoker.invokeConfigurations(ConfigInvoker.java:321)
	at org.testng.SuiteRunner.privateRun(SuiteRunner.java:317)
	at org.testng.SuiteRunner.run(SuiteRunner.java:276)
	at org.testng.SuiteRunnerWorker.runSuite(SuiteRunnerWorker.java:53)
	at org.testng.SuiteRunnerWorker.run(SuiteRunnerWorker.java:96)
	at org.testng.TestNG.runSuitesSequentially(TestNG.java:1212)
	at org.testng.TestNG.runSuitesLocally(TestNG.java:1134)
	at org.testng.TestNG.runSuites(TestNG.java:1063)
	at org.testng.TestNG.run(TestNG.java:1031)
	at org.testng.remote.AbstractRemoteTestNG.run(AbstractRemoteTestNG.java:115)
	at org.testng.remote.RemoteTestNG.initAndRun(RemoteTestNG.java:251)
	at org.testng.remote.RemoteTestNG.main(RemoteTestNG.java:77)
</pre></div></td>
<td>0</td>
<td>com.exsq.Print@41a0aa7d</td></tr>
<tr>
<td title='com.exsq.Print.Print_Btn_Visiblity()'><b>Print_Btn_Visiblity</b><br>Test class: com.exsq.Print</td>
<td><div><pre>java.lang.NullPointerException: Cannot invoke &quot;org.openqa.selenium.remote.RemoteWebDriver.getCapabilities()&quot; because &quot;com.exsq.isp_plugin.base.TestBase.driver&quot; is null
	at com.exsq.isp_plugin.base.TestBase.initialiseExtentReports(TestBase.java:114)
... Removed 19 stack frames</pre></div><a href='#' onClick='toggleBox("stack-trace129371198", this, "Click to show all stack frames", "Click to hide stack frames")'>Click to show all stack frames</a>
<div class='stack-trace' id='stack-trace129371198'><pre>java.lang.NullPointerException: Cannot invoke &quot;org.openqa.selenium.remote.RemoteWebDriver.getCapabilities()&quot; because &quot;com.exsq.isp_plugin.base.TestBase.driver&quot; is null
	at com.exsq.isp_plugin.base.TestBase.initialiseExtentReports(TestBase.java:114)
	at java.base/jdk.internal.reflect.NativeMethodAccessorImpl.invoke0(Native Method)
	at java.base/jdk.internal.reflect.NativeMethodAccessorImpl.invoke(NativeMethodAccessorImpl.java:78)
	at java.base/jdk.internal.reflect.DelegatingMethodAccessorImpl.invoke(DelegatingMethodAccessorImpl.java:43)
	at java.base/java.lang.reflect.Method.invoke(Method.java:567)
	at org.testng.internal.MethodInvocationHelper.invokeMethod(MethodInvocationHelper.java:133)
	at org.testng.internal.MethodInvocationHelper.invokeMethodConsideringTimeout(MethodInvocationHelper.java:62)
	at org.testng.internal.ConfigInvoker.invokeConfigurationMethod(ConfigInvoker.java:385)
	at org.testng.internal.ConfigInvoker.invokeConfigurations(ConfigInvoker.java:321)
	at org.testng.SuiteRunner.privateRun(SuiteRunner.java:317)
	at org.testng.SuiteRunner.run(SuiteRunner.java:276)
	at org.testng.SuiteRunnerWorker.runSuite(SuiteRunnerWorker.java:53)
	at org.testng.SuiteRunnerWorker.run(SuiteRunnerWorker.java:96)
	at org.testng.TestNG.runSuitesSequentially(TestNG.java:1212)
	at org.testng.TestNG.runSuitesLocally(TestNG.java:1134)
	at org.testng.TestNG.runSuites(TestNG.java:1063)
	at org.testng.TestNG.run(TestNG.java:1031)
	at org.testng.remote.AbstractRemoteTestNG.run(AbstractRemoteTestNG.java:115)
	at org.testng.remote.RemoteTestNG.initAndRun(RemoteTestNG.java:251)
	at org.testng.remote.RemoteTestNG.main(RemoteTestNG.java:77)
</pre></div></td>
<td>0</td>
<td>com.exsq.Print@41a0aa7d</td></tr>
<tr>
<td title='com.exsq.Community_Name_Visibility.Community_Name_Visiblity_Footer()'><b>Community_Name_Visiblity_Footer</b><br>Test class: com.exsq.Community_Name_Visibility</td>
<td><div><pre>java.lang.NullPointerException: Cannot invoke &quot;org.openqa.selenium.remote.RemoteWebDriver.getCapabilities()&quot; because &quot;com.exsq.isp_plugin.base.TestBase.driver&quot; is null
	at com.exsq.isp_plugin.base.TestBase.initialiseExtentReports(TestBase.java:114)
... Removed 19 stack frames</pre></div><a href='#' onClick='toggleBox("stack-trace2068100669", this, "Click to show all stack frames", "Click to hide stack frames")'>Click to show all stack frames</a>
<div class='stack-trace' id='stack-trace2068100669'><pre>java.lang.NullPointerException: Cannot invoke &quot;org.openqa.selenium.remote.RemoteWebDriver.getCapabilities()&quot; because &quot;com.exsq.isp_plugin.base.TestBase.driver&quot; is null
	at com.exsq.isp_plugin.base.TestBase.initialiseExtentReports(TestBase.java:114)
	at java.base/jdk.internal.reflect.NativeMethodAccessorImpl.invoke0(Native Method)
	at java.base/jdk.internal.reflect.NativeMethodAccessorImpl.invoke(NativeMethodAccessorImpl.java:78)
	at java.base/jdk.internal.reflect.DelegatingMethodAccessorImpl.invoke(DelegatingMethodAccessorImpl.java:43)
	at java.base/java.lang.reflect.Method.invoke(Method.java:567)
	at org.testng.internal.MethodInvocationHelper.invokeMethod(MethodInvocationHelper.java:133)
	at org.testng.internal.MethodInvocationHelper.invokeMethodConsideringTimeout(MethodInvocationHelper.java:62)
	at org.testng.internal.ConfigInvoker.invokeConfigurationMethod(ConfigInvoker.java:385)
	at org.testng.internal.ConfigInvoker.invokeConfigurations(ConfigInvoker.java:321)
	at org.testng.SuiteRunner.privateRun(SuiteRunner.java:317)
	at org.testng.SuiteRunner.run(SuiteRunner.java:276)
	at org.testng.SuiteRunnerWorker.runSuite(SuiteRunnerWorker.java:53)
	at org.testng.SuiteRunnerWorker.run(SuiteRunnerWorker.java:96)
	at org.testng.TestNG.runSuitesSequentially(TestNG.java:1212)
	at org.testng.TestNG.runSuitesLocally(TestNG.java:1134)
	at org.testng.TestNG.runSuites(TestNG.java:1063)
	at org.testng.TestNG.run(TestNG.java:1031)
	at org.testng.remote.AbstractRemoteTestNG.run(AbstractRemoteTestNG.java:115)
	at org.testng.remote.RemoteTestNG.initAndRun(RemoteTestNG.java:251)
	at org.testng.remote.RemoteTestNG.main(RemoteTestNG.java:77)
</pre></div></td>
<td>0</td>
<td>com.exsq.Community_Name_Visibility@60099951</td></tr>
</table><p>
</body>
</html>