<?xml version="1.0" encoding="UTF-8"?>
<!-- Generated by org.testng.reporters.JUnitReportReporter -->
<testsuite hostname="EXIPC0159" failures="0" tests="9" name="com.exsq.Request_Info" time="44.952" errors="1" timestamp="2023-05-19T10:55:50 IST" skipped="0">
  <testcase classname="com.exsq.Request_Info" name="Request_Info_Btn_Visiblity" time="2.047"/>
  <system-out/>
  <testcase classname="com.exsq.Request_Info" name="generateExtentReports" time="0.470">
    <error message="Failed to open file:/D:/ISP_PlugIn_Automation/ISP_Plugin/ExtentSparkReport.html. Error message: The system cannot find the file specified.
" type="java.io.IOException">
      <![CDATA[java.io.IOException: Failed to open file:/D:/ISP_PlugIn_Automation/ISP_Plugin/ExtentSparkReport.html. Error message: The system cannot find the file specified.

at java.desktop/sun.awt.windows.WDesktopPeer.ShellExecute(WDesktopPeer.java:115)
at java.desktop/sun.awt.windows.WDesktopPeer.browse(WDesktopPeer.java:101)
at java.desktop/java.awt.Desktop.browse(Desktop.java:530)
at com.exsq.isp_plugin.base.TestBase.generateExtentReports(TestBase.java:87)
at java.base/jdk.internal.reflect.NativeMethodAccessorImpl.invoke0(Native Method)
at java.base/jdk.internal.reflect.NativeMethodAccessorImpl.invoke(NativeMethodAccessorImpl.java:78)
at java.base/jdk.internal.reflect.DelegatingMethodAccessorImpl.invoke(DelegatingMethodAccessorImpl.java:43)
at java.base/java.lang.reflect.Method.invoke(Method.java:567)
at org.testng.internal.MethodInvocationHelper.invokeMethod(MethodInvocationHelper.java:133)
at org.testng.internal.MethodInvocationHelper.invokeMethodConsideringTimeout(MethodInvocationHelper.java:62)
at org.testng.internal.ConfigInvoker.invokeConfigurationMethod(ConfigInvoker.java:385)
at org.testng.internal.ConfigInvoker.invokeConfigurations(ConfigInvoker.java:321)
at org.testng.SuiteRunner.privateRun(SuiteRunner.java:344)
at org.testng.SuiteRunner.run(SuiteRunner.java:276)
at org.testng.SuiteRunnerWorker.runSuite(SuiteRunnerWorker.java:53)
at org.testng.SuiteRunnerWorker.run(SuiteRunnerWorker.java:96)
at org.testng.TestNG.runSuitesSequentially(TestNG.java:1212)
at org.testng.TestNG.runSuitesLocally(TestNG.java:1134)
at org.testng.TestNG.runSuites(TestNG.java:1063)
at org.testng.TestNG.run(TestNG.java:1031)
at org.testng.remote.AbstractRemoteTestNG.run(AbstractRemoteTestNG.java:115)
at org.testng.remote.RemoteTestNG.initAndRun(RemoteTestNG.java:251)
at org.testng.remote.RemoteTestNG.main(RemoteTestNG.java:77)
]]>
    </error>
  </testcase> <!-- generateExtentReports -->
  <system-out/>
  <testcase classname="com.exsq.Request_Info" name="Open_RequestInfo_Form" time="2.406"/>
  <system-out/>
  <testcase classname="com.exsq.Request_Info" name="Fill_Request_Info_Form" time="0.461"/>
  <system-out/>
  <testcase classname="com.exsq.Request_Info" name="Submit_Request_Info" time="0.062"/>
  <system-out/>
  <testcase classname="com.exsq.Request_Info" name="Loader_Visiblity" time="0.032"/>
  <system-out/>
  <testcase classname="com.exsq.Request_Info" name="Success_Popup_Visibility" time="17.018"/>
  <system-out/>
  <testcase classname="com.exsq.Request_Info" name="Success_PopUp_Close" time="22.120"/>
  <system-out/>
  <testcase classname="com.exsq.Request_Info" name="RequestInfo_Visiblity_ExpendView_inListing" time="0.336"/>
  <system-out/>
</testsuite> <!-- com.exsq.Request_Info -->
